2019-12-26 10:07:08.374  INFO 20264 --- [main] br.com.ibm.challenge.Application         : Starting Application on LAPTOP-S7HCMNSM with PID 20264 (C:\1DEV_projects\Treinamento\ATM-CHALLENGE\target\classes started by LeonardoBrumDorneles in C:\1DEV_projects\Treinamento\ATM-CHALLENGE)
2019-12-26 10:07:08.412  INFO 20264 --- [main] br.com.ibm.challenge.Application         : No active profile set, falling back to default profiles: default
2019-12-26 10:07:11.559  INFO 20264 --- [main] .s.d.r.c.RepositoryConfigurationDelegate : Bootstrapping Spring Data repositories in DEFAULT mode.
2019-12-26 10:07:11.793  INFO 20264 --- [main] .s.d.r.c.RepositoryConfigurationDelegate : Finished Spring Data repository scanning in 215ms. Found 5 repository interfaces.
2019-12-26 10:07:13.869  INFO 20264 --- [main] o.s.b.w.embedded.tomcat.TomcatWebServer  : Tomcat initialized with port(s): 8081 (http)
2019-12-26 10:07:13.926  INFO 20264 --- [main] o.apache.catalina.core.StandardService   : Starting service [Tomcat]
2019-12-26 10:07:13.927  INFO 20264 --- [main] org.apache.catalina.core.StandardEngine  : Starting Servlet engine: [Apache Tomcat/9.0.21]
2019-12-26 10:07:14.216  INFO 20264 --- [main] o.a.c.c.C.[Tomcat].[localhost].[/]       : Initializing Spring embedded WebApplicationContext
2019-12-26 10:07:14.216  INFO 20264 --- [main] o.s.web.context.ContextLoader            : Root WebApplicationContext: initialization completed in 5662 ms
2019-12-26 10:07:16.801  INFO 20264 --- [main] org.mongodb.driver.cluster               : Cluster created with settings {hosts=[localhost:27017], mode=SINGLE, requiredClusterType=UNKNOWN, serverSelectionTimeout='30000 ms', maxWaitQueueSize=500}
2019-12-26 10:07:16.931  INFO 20264 --- [cluster-ClusterId{value='5e04b084f77c224f2835ebb6', description='null'}-localhost:27017] org.mongodb.driver.connection            : Opened connection [connectionId{localValue:1, serverValue:23}] to localhost:27017
2019-12-26 10:07:16.941  INFO 20264 --- [cluster-ClusterId{value='5e04b084f77c224f2835ebb6', description='null'}-localhost:27017] org.mongodb.driver.cluster               : Monitor thread successfully connected to server with description ServerDescription{address=localhost:27017, type=STANDALONE, state=CONNECTED, ok=true, version=ServerVersion{versionList=[4, 2, 2]}, minWireVersion=0, maxWireVersion=8, maxDocumentSize=16777216, logicalSessionTimeoutMinutes=30, roundTripTimeNanos=6741500}
2019-12-26 10:07:18.076  INFO 20264 --- [main] org.mongodb.driver.connection            : Opened connection [connectionId{localValue:2, serverValue:24}] to localhost:27017
2019-12-26 10:07:19.312  INFO 20264 --- [main] pertySourcedRequestMappingHandlerMapping : Mapped URL path [/v2/api-docs] onto method [public org.springframework.http.ResponseEntity<springfox.documentation.spring.web.json.Json> springfox.documentation.swagger2.web.Swagger2Controller.getDocumentation(java.lang.String,javax.servlet.http.HttpServletRequest)]
2019-12-26 10:07:19.824  INFO 20264 --- [main] o.s.s.concurrent.ThreadPoolTaskExecutor  : Initializing ExecutorService 'applicationTaskExecutor'
2019-12-26 10:07:20.149  INFO 20264 --- [main] o.s.s.c.ThreadPoolTaskScheduler          : Initializing ExecutorService 'taskScheduler'
2019-12-26 10:07:20.241  INFO 20264 --- [main] d.s.w.p.DocumentationPluginsBootstrapper : Context refreshed
2019-12-26 10:07:20.314  INFO 20264 --- [main] d.s.w.p.DocumentationPluginsBootstrapper : Found 1 custom documentation plugin(s)
2019-12-26 10:07:20.404  INFO 20264 --- [main] s.d.s.w.s.ApiListingReferenceScanner     : Scanning for api listing references
2019-12-26 10:07:20.922  INFO 20264 --- [main] o.s.b.w.embedded.tomcat.TomcatWebServer  : Tomcat started on port(s): 8081 (http) with context path ''
2019-12-26 10:07:20.928  INFO 20264 --- [main] br.com.ibm.challenge.Application         : Started Application in 13.981 seconds (JVM running for 15.489)
2019-12-26 10:07:31.502  INFO 20264 --- [http-nio-8081-exec-1] o.a.c.c.C.[Tomcat].[localhost].[/]       : Initializing Spring DispatcherServlet 'dispatcherServlet'
2019-12-26 10:07:31.503  INFO 20264 --- [http-nio-8081-exec-1] o.s.web.servlet.DispatcherServlet        : Initializing Servlet 'dispatcherServlet'
2019-12-26 10:07:31.518  INFO 20264 --- [http-nio-8081-exec-1] o.s.web.servlet.DispatcherServlet        : Completed initialization in 15 ms
2019-12-26 10:11:10.134  INFO 19480 --- [main] br.com.ibm.challenge.Application         : Starting Application on LAPTOP-S7HCMNSM with PID 19480 (C:\1DEV_projects\Treinamento\ATM-CHALLENGE\target\classes started by LeonardoBrumDorneles in C:\1DEV_projects\Treinamento\ATM-CHALLENGE)
2019-12-26 10:11:10.144  INFO 19480 --- [main] br.com.ibm.challenge.Application         : No active profile set, falling back to default profiles: default
2019-12-26 10:11:13.546  INFO 19480 --- [main] .s.d.r.c.RepositoryConfigurationDelegate : Bootstrapping Spring Data repositories in DEFAULT mode.
2019-12-26 10:11:13.852  INFO 19480 --- [main] .s.d.r.c.RepositoryConfigurationDelegate : Finished Spring Data repository scanning in 287ms. Found 5 repository interfaces.
2019-12-26 10:11:16.107  INFO 19480 --- [main] o.s.b.w.embedded.tomcat.TomcatWebServer  : Tomcat initialized with port(s): 8081 (http)
2019-12-26 10:11:16.162  INFO 19480 --- [main] o.apache.catalina.core.StandardService   : Starting service [Tomcat]
2019-12-26 10:11:16.163  INFO 19480 --- [main] org.apache.catalina.core.StandardEngine  : Starting Servlet engine: [Apache Tomcat/9.0.21]
2019-12-26 10:11:16.436  INFO 19480 --- [main] o.a.c.c.C.[Tomcat].[localhost].[/]       : Initializing Spring embedded WebApplicationContext
2019-12-26 10:11:16.437  INFO 19480 --- [main] o.s.web.context.ContextLoader            : Root WebApplicationContext: initialization completed in 6136 ms
2019-12-26 10:11:18.936  INFO 19480 --- [main] org.mongodb.driver.cluster               : Cluster created with settings {hosts=[localhost:27017], mode=SINGLE, requiredClusterType=UNKNOWN, serverSelectionTimeout='30000 ms', maxWaitQueueSize=500}
2019-12-26 10:11:19.056  INFO 19480 --- [cluster-ClusterId{value='5e04b176f77c224c181fd99a', description='null'}-localhost:27017] org.mongodb.driver.connection            : Opened connection [connectionId{localValue:1, serverValue:26}] to localhost:27017
2019-12-26 10:11:19.064  INFO 19480 --- [cluster-ClusterId{value='5e04b176f77c224c181fd99a', description='null'}-localhost:27017] org.mongodb.driver.cluster               : Monitor thread successfully connected to server with description ServerDescription{address=localhost:27017, type=STANDALONE, state=CONNECTED, ok=true, version=ServerVersion{versionList=[4, 2, 2]}, minWireVersion=0, maxWireVersion=8, maxDocumentSize=16777216, logicalSessionTimeoutMinutes=30, roundTripTimeNanos=5800700}
2019-12-26 10:11:19.980  INFO 19480 --- [main] org.mongodb.driver.connection            : Opened connection [connectionId{localValue:2, serverValue:27}] to localhost:27017
2019-12-26 10:11:21.106  INFO 19480 --- [main] pertySourcedRequestMappingHandlerMapping : Mapped URL path [/v2/api-docs] onto method [public org.springframework.http.ResponseEntity<springfox.documentation.spring.web.json.Json> springfox.documentation.swagger2.web.Swagger2Controller.getDocumentation(java.lang.String,javax.servlet.http.HttpServletRequest)]
2019-12-26 10:11:21.607  INFO 19480 --- [main] o.s.s.concurrent.ThreadPoolTaskExecutor  : Initializing ExecutorService 'applicationTaskExecutor'
2019-12-26 10:11:21.963  INFO 19480 --- [main] o.s.s.c.ThreadPoolTaskScheduler          : Initializing ExecutorService 'taskScheduler'
2019-12-26 10:11:22.060  INFO 19480 --- [main] d.s.w.p.DocumentationPluginsBootstrapper : Context refreshed
2019-12-26 10:11:22.150  INFO 19480 --- [main] d.s.w.p.DocumentationPluginsBootstrapper : Found 1 custom documentation plugin(s)
2019-12-26 10:11:22.318  INFO 19480 --- [main] s.d.s.w.s.ApiListingReferenceScanner     : Scanning for api listing references
2019-12-26 10:11:22.884  INFO 19480 --- [main] o.s.b.w.embedded.tomcat.TomcatWebServer  : Tomcat started on port(s): 8081 (http) with context path ''
2019-12-26 10:11:22.889  INFO 19480 --- [main] br.com.ibm.challenge.Application         : Started Application in 14.237 seconds (JVM running for 15.635)
2019-12-26 10:11:29.186  INFO 19480 --- [http-nio-8081-exec-1] o.a.c.c.C.[Tomcat].[localhost].[/]       : Initializing Spring DispatcherServlet 'dispatcherServlet'
2019-12-26 10:11:29.187  INFO 19480 --- [http-nio-8081-exec-1] o.s.web.servlet.DispatcherServlet        : Initializing Servlet 'dispatcherServlet'
2019-12-26 10:11:29.199  INFO 19480 --- [http-nio-8081-exec-1] o.s.web.servlet.DispatcherServlet        : Completed initialization in 12 ms
2019-12-26 10:11:56.930  INFO 11648 --- [main] br.com.ibm.challenge.Application         : Starting Application on LAPTOP-S7HCMNSM with PID 11648 (C:\1DEV_projects\Treinamento\ATM-CHALLENGE\target\classes started by LeonardoBrumDorneles in C:\1DEV_projects\Treinamento\ATM-CHALLENGE)
2019-12-26 10:11:56.944  INFO 11648 --- [main] br.com.ibm.challenge.Application         : No active profile set, falling back to default profiles: default
2019-12-26 10:11:59.566  INFO 11648 --- [main] .s.d.r.c.RepositoryConfigurationDelegate : Bootstrapping Spring Data repositories in DEFAULT mode.
2019-12-26 10:11:59.820  INFO 11648 --- [main] .s.d.r.c.RepositoryConfigurationDelegate : Finished Spring Data repository scanning in 235ms. Found 5 repository interfaces.
2019-12-26 10:12:01.967  INFO 11648 --- [main] o.s.b.w.embedded.tomcat.TomcatWebServer  : Tomcat initialized with port(s): 8081 (http)
2019-12-26 10:12:02.032  INFO 11648 --- [main] o.apache.catalina.core.StandardService   : Starting service [Tomcat]
2019-12-26 10:12:02.033  INFO 11648 --- [main] org.apache.catalina.core.StandardEngine  : Starting Servlet engine: [Apache Tomcat/9.0.21]
2019-12-26 10:12:02.302  INFO 11648 --- [main] o.a.c.c.C.[Tomcat].[localhost].[/]       : Initializing Spring embedded WebApplicationContext
2019-12-26 10:12:02.303  INFO 11648 --- [main] o.s.web.context.ContextLoader            : Root WebApplicationContext: initialization completed in 5231 ms
2019-12-26 10:12:04.768  INFO 11648 --- [main] org.mongodb.driver.cluster               : Cluster created with settings {hosts=[localhost:27017], mode=SINGLE, requiredClusterType=UNKNOWN, serverSelectionTimeout='30000 ms', maxWaitQueueSize=500}
2019-12-26 10:12:04.894  INFO 11648 --- [cluster-ClusterId{value='5e04b1a4f77c222d805e3823', description='null'}-localhost:27017] org.mongodb.driver.connection            : Opened connection [connectionId{localValue:1, serverValue:28}] to localhost:27017
2019-12-26 10:12:04.903  INFO 11648 --- [cluster-ClusterId{value='5e04b1a4f77c222d805e3823', description='null'}-localhost:27017] org.mongodb.driver.cluster               : Monitor thread successfully connected to server with description ServerDescription{address=localhost:27017, type=STANDALONE, state=CONNECTED, ok=true, version=ServerVersion{versionList=[4, 2, 2]}, minWireVersion=0, maxWireVersion=8, maxDocumentSize=16777216, logicalSessionTimeoutMinutes=30, roundTripTimeNanos=5570500}
2019-12-26 10:12:05.743  INFO 11648 --- [main] org.mongodb.driver.connection            : Opened connection [connectionId{localValue:2, serverValue:29}] to localhost:27017
2019-12-26 10:12:06.919  INFO 11648 --- [main] pertySourcedRequestMappingHandlerMapping : Mapped URL path [/v2/api-docs] onto method [public org.springframework.http.ResponseEntity<springfox.documentation.spring.web.json.Json> springfox.documentation.swagger2.web.Swagger2Controller.getDocumentation(java.lang.String,javax.servlet.http.HttpServletRequest)]
2019-12-26 10:12:07.375  INFO 11648 --- [main] o.s.s.concurrent.ThreadPoolTaskExecutor  : Initializing ExecutorService 'applicationTaskExecutor'
2019-12-26 10:12:07.677  INFO 11648 --- [main] o.s.s.c.ThreadPoolTaskScheduler          : Initializing ExecutorService 'taskScheduler'
2019-12-26 10:12:07.757  INFO 11648 --- [main] d.s.w.p.DocumentationPluginsBootstrapper : Context refreshed
2019-12-26 10:12:07.828  INFO 11648 --- [main] d.s.w.p.DocumentationPluginsBootstrapper : Found 1 custom documentation plugin(s)
2019-12-26 10:12:07.920  INFO 11648 --- [main] s.d.s.w.s.ApiListingReferenceScanner     : Scanning for api listing references
2019-12-26 10:12:08.407  INFO 11648 --- [main] o.s.b.w.embedded.tomcat.TomcatWebServer  : Tomcat started on port(s): 8081 (http) with context path ''
2019-12-26 10:12:08.412  INFO 11648 --- [main] br.com.ibm.challenge.Application         : Started Application in 12.783 seconds (JVM running for 14.329)
2019-12-26 10:12:40.960  INFO 11648 --- [http-nio-8081-exec-1] o.a.c.c.C.[Tomcat].[localhost].[/]       : Initializing Spring DispatcherServlet 'dispatcherServlet'
2019-12-26 10:12:40.961  INFO 11648 --- [http-nio-8081-exec-1] o.s.web.servlet.DispatcherServlet        : Initializing Servlet 'dispatcherServlet'
2019-12-26 10:12:40.975  INFO 11648 --- [http-nio-8081-exec-1] o.s.web.servlet.DispatcherServlet        : Completed initialization in 14 ms
2019-12-26 10:25:49.087  INFO 19816 --- [main] br.com.ibm.challenge.Application         : Starting Application on LAPTOP-S7HCMNSM with PID 19816 (C:\1DEV_projects\Treinamento\ATM-CHALLENGE\target\classes started by LeonardoBrumDorneles in C:\1DEV_projects\Treinamento\ATM-CHALLENGE)
2019-12-26 10:25:49.097  INFO 19816 --- [main] br.com.ibm.challenge.Application         : No active profile set, falling back to default profiles: default
2019-12-26 10:25:52.076  INFO 19816 --- [main] .s.d.r.c.RepositoryConfigurationDelegate : Bootstrapping Spring Data repositories in DEFAULT mode.
2019-12-26 10:25:52.362  INFO 19816 --- [main] .s.d.r.c.RepositoryConfigurationDelegate : Finished Spring Data repository scanning in 269ms. Found 5 repository interfaces.
2019-12-26 10:25:55.226  INFO 19816 --- [main] o.s.b.w.embedded.tomcat.TomcatWebServer  : Tomcat initialized with port(s): 8081 (http)
2019-12-26 10:25:55.324  INFO 19816 --- [main] o.apache.catalina.core.StandardService   : Starting service [Tomcat]
2019-12-26 10:25:55.325  INFO 19816 --- [main] org.apache.catalina.core.StandardEngine  : Starting Servlet engine: [Apache Tomcat/9.0.21]
2019-12-26 10:25:55.958  INFO 19816 --- [main] o.a.c.c.C.[Tomcat].[localhost].[/]       : Initializing Spring embedded WebApplicationContext
2019-12-26 10:25:55.976  INFO 19816 --- [main] o.s.web.context.ContextLoader            : Root WebApplicationContext: initialization completed in 6723 ms
2019-12-26 10:25:59.859  INFO 19816 --- [main] org.mongodb.driver.cluster               : Cluster created with settings {hosts=[localhost:27017], mode=SINGLE, requiredClusterType=UNKNOWN, serverSelectionTimeout='30000 ms', maxWaitQueueSize=500}
2019-12-26 10:25:59.985  INFO 19816 --- [cluster-ClusterId{value='5e04b4e7f77c224d68e3449c', description='null'}-localhost:27017] org.mongodb.driver.connection            : Opened connection [connectionId{localValue:1, serverValue:30}] to localhost:27017
2019-12-26 10:25:59.995  INFO 19816 --- [cluster-ClusterId{value='5e04b4e7f77c224d68e3449c', description='null'}-localhost:27017] org.mongodb.driver.cluster               : Monitor thread successfully connected to server with description ServerDescription{address=localhost:27017, type=STANDALONE, state=CONNECTED, ok=true, version=ServerVersion{versionList=[4, 2, 2]}, minWireVersion=0, maxWireVersion=8, maxDocumentSize=16777216, logicalSessionTimeoutMinutes=30, roundTripTimeNanos=6670400}
2019-12-26 10:26:00.853  INFO 19816 --- [main] org.mongodb.driver.connection            : Opened connection [connectionId{localValue:2, serverValue:31}] to localhost:27017
2019-12-26 10:26:02.714  INFO 19816 --- [main] pertySourcedRequestMappingHandlerMapping : Mapped URL path [/v2/api-docs] onto method [public org.springframework.http.ResponseEntity<springfox.documentation.spring.web.json.Json> springfox.documentation.swagger2.web.Swagger2Controller.getDocumentation(java.lang.String,javax.servlet.http.HttpServletRequest)]
2019-12-26 10:26:03.224  INFO 19816 --- [main] o.s.s.concurrent.ThreadPoolTaskExecutor  : Initializing ExecutorService 'applicationTaskExecutor'
2019-12-26 10:26:03.569  INFO 19816 --- [main] o.s.s.c.ThreadPoolTaskScheduler          : Initializing ExecutorService 'taskScheduler'
2019-12-26 10:26:03.667  INFO 19816 --- [main] d.s.w.p.DocumentationPluginsBootstrapper : Context refreshed
2019-12-26 10:26:03.743  INFO 19816 --- [main] d.s.w.p.DocumentationPluginsBootstrapper : Found 1 custom documentation plugin(s)
2019-12-26 10:26:03.842  INFO 19816 --- [main] s.d.s.w.s.ApiListingReferenceScanner     : Scanning for api listing references
2019-12-26 10:26:04.396  INFO 19816 --- [main] o.s.b.w.embedded.tomcat.TomcatWebServer  : Tomcat started on port(s): 8081 (http) with context path ''
2019-12-26 10:26:04.401  INFO 19816 --- [main] br.com.ibm.challenge.Application         : Started Application in 16.72 seconds (JVM running for 18.364)
2019-12-26 10:26:51.035  INFO 9892 --- [main] br.com.ibm.challenge.Application         : Starting Application on LAPTOP-S7HCMNSM with PID 9892 (C:\1DEV_projects\Treinamento\ATM-CHALLENGE\target\classes started by LeonardoBrumDorneles in C:\1DEV_projects\Treinamento\ATM-CHALLENGE)
2019-12-26 10:26:51.043  INFO 9892 --- [main] br.com.ibm.challenge.Application         : No active profile set, falling back to default profiles: default
2019-12-26 10:26:54.049  INFO 9892 --- [main] .s.d.r.c.RepositoryConfigurationDelegate : Bootstrapping Spring Data repositories in DEFAULT mode.
2019-12-26 10:26:54.284  INFO 9892 --- [main] .s.d.r.c.RepositoryConfigurationDelegate : Finished Spring Data repository scanning in 219ms. Found 5 repository interfaces.
2019-12-26 10:26:56.353  INFO 9892 --- [main] o.s.b.w.embedded.tomcat.TomcatWebServer  : Tomcat initialized with port(s): 8081 (http)
2019-12-26 10:26:56.406  INFO 9892 --- [main] o.apache.catalina.core.StandardService   : Starting service [Tomcat]
2019-12-26 10:26:56.407  INFO 9892 --- [main] org.apache.catalina.core.StandardEngine  : Starting Servlet engine: [Apache Tomcat/9.0.21]
2019-12-26 10:26:56.677  INFO 9892 --- [main] o.a.c.c.C.[Tomcat].[localhost].[/]       : Initializing Spring embedded WebApplicationContext
2019-12-26 10:26:56.678  INFO 9892 --- [main] o.s.web.context.ContextLoader            : Root WebApplicationContext: initialization completed in 5488 ms
2019-12-26 10:26:59.021  INFO 9892 --- [main] org.mongodb.driver.cluster               : Cluster created with settings {hosts=[localhost:27017], mode=SINGLE, requiredClusterType=UNKNOWN, serverSelectionTimeout='30000 ms', maxWaitQueueSize=500}
2019-12-26 10:26:59.133  INFO 9892 --- [cluster-ClusterId{value='5e04b523f77c2226a43e9cc0', description='null'}-localhost:27017] org.mongodb.driver.connection            : Opened connection [connectionId{localValue:1, serverValue:32}] to localhost:27017
2019-12-26 10:26:59.142  INFO 9892 --- [cluster-ClusterId{value='5e04b523f77c2226a43e9cc0', description='null'}-localhost:27017] org.mongodb.driver.cluster               : Monitor thread successfully connected to server with description ServerDescription{address=localhost:27017, type=STANDALONE, state=CONNECTED, ok=true, version=ServerVersion{versionList=[4, 2, 2]}, minWireVersion=0, maxWireVersion=8, maxDocumentSize=16777216, logicalSessionTimeoutMinutes=30, roundTripTimeNanos=6424600}
2019-12-26 10:27:00.023  INFO 9892 --- [main] org.mongodb.driver.connection            : Opened connection [connectionId{localValue:2, serverValue:33}] to localhost:27017
2019-12-26 10:27:01.233  INFO 9892 --- [main] pertySourcedRequestMappingHandlerMapping : Mapped URL path [/v2/api-docs] onto method [public org.springframework.http.ResponseEntity<springfox.documentation.spring.web.json.Json> springfox.documentation.swagger2.web.Swagger2Controller.getDocumentation(java.lang.String,javax.servlet.http.HttpServletRequest)]
2019-12-26 10:27:01.772  INFO 9892 --- [main] o.s.s.concurrent.ThreadPoolTaskExecutor  : Initializing ExecutorService 'applicationTaskExecutor'
2019-12-26 10:27:02.123  INFO 9892 --- [main] o.s.s.c.ThreadPoolTaskScheduler          : Initializing ExecutorService 'taskScheduler'
2019-12-26 10:27:02.218  INFO 9892 --- [main] d.s.w.p.DocumentationPluginsBootstrapper : Context refreshed
2019-12-26 10:27:02.294  INFO 9892 --- [main] d.s.w.p.DocumentationPluginsBootstrapper : Found 1 custom documentation plugin(s)
2019-12-26 10:27:02.388  INFO 9892 --- [main] s.d.s.w.s.ApiListingReferenceScanner     : Scanning for api listing references
2019-12-26 10:27:02.909  INFO 9892 --- [main] o.s.b.w.embedded.tomcat.TomcatWebServer  : Tomcat started on port(s): 8081 (http) with context path ''
2019-12-26 10:27:02.915  INFO 9892 --- [main] br.com.ibm.challenge.Application         : Started Application in 13.485 seconds (JVM running for 14.833)
2019-12-26 10:27:14.389  INFO 5352 --- [main] br.com.ibm.challenge.Application         : Starting Application on LAPTOP-S7HCMNSM with PID 5352 (C:\1DEV_projects\Treinamento\ATM-CHALLENGE\target\classes started by LeonardoBrumDorneles in C:\1DEV_projects\Treinamento\ATM-CHALLENGE)
2019-12-26 10:27:14.400  INFO 5352 --- [main] br.com.ibm.challenge.Application         : No active profile set, falling back to default profiles: default
2019-12-26 10:27:17.526  INFO 5352 --- [main] .s.d.r.c.RepositoryConfigurationDelegate : Bootstrapping Spring Data repositories in DEFAULT mode.
2019-12-26 10:27:17.795  INFO 5352 --- [main] .s.d.r.c.RepositoryConfigurationDelegate : Finished Spring Data repository scanning in 248ms. Found 5 repository interfaces.
2019-12-26 10:27:20.352  INFO 5352 --- [main] o.s.b.w.embedded.tomcat.TomcatWebServer  : Tomcat initialized with port(s): 8081 (http)
2019-12-26 10:27:20.419  INFO 5352 --- [main] o.apache.catalina.core.StandardService   : Starting service [Tomcat]
2019-12-26 10:27:20.420  INFO 5352 --- [main] org.apache.catalina.core.StandardEngine  : Starting Servlet engine: [Apache Tomcat/9.0.21]
2019-12-26 10:27:20.723  INFO 5352 --- [main] o.a.c.c.C.[Tomcat].[localhost].[/]       : Initializing Spring embedded WebApplicationContext
2019-12-26 10:27:20.724  INFO 5352 --- [main] o.s.web.context.ContextLoader            : Root WebApplicationContext: initialization completed in 6129 ms
2019-12-26 10:27:23.514  INFO 5352 --- [main] org.mongodb.driver.cluster               : Cluster created with settings {hosts=[localhost:27017], mode=SINGLE, requiredClusterType=UNKNOWN, serverSelectionTimeout='30000 ms', maxWaitQueueSize=500}
2019-12-26 10:27:23.674  INFO 5352 --- [cluster-ClusterId{value='5e04b53bf77c2214e83c41d0', description='null'}-localhost:27017] org.mongodb.driver.connection            : Opened connection [connectionId{localValue:1, serverValue:34}] to localhost:27017
2019-12-26 10:27:23.684  INFO 5352 --- [cluster-ClusterId{value='5e04b53bf77c2214e83c41d0', description='null'}-localhost:27017] org.mongodb.driver.cluster               : Monitor thread successfully connected to server with description ServerDescription{address=localhost:27017, type=STANDALONE, state=CONNECTED, ok=true, version=ServerVersion{versionList=[4, 2, 2]}, minWireVersion=0, maxWireVersion=8, maxDocumentSize=16777216, logicalSessionTimeoutMinutes=30, roundTripTimeNanos=6925800}
2019-12-26 10:27:24.694  INFO 5352 --- [main] org.mongodb.driver.connection            : Opened connection [connectionId{localValue:2, serverValue:35}] to localhost:27017
2019-12-26 10:27:26.329  INFO 5352 --- [main] pertySourcedRequestMappingHandlerMapping : Mapped URL path [/v2/api-docs] onto method [public org.springframework.http.ResponseEntity<springfox.documentation.spring.web.json.Json> springfox.documentation.swagger2.web.Swagger2Controller.getDocumentation(java.lang.String,javax.servlet.http.HttpServletRequest)]
2019-12-26 10:27:27.090  INFO 5352 --- [main] o.s.s.concurrent.ThreadPoolTaskExecutor  : Initializing ExecutorService 'applicationTaskExecutor'
2019-12-26 10:27:27.612  INFO 5352 --- [main] o.s.s.c.ThreadPoolTaskScheduler          : Initializing ExecutorService 'taskScheduler'
2019-12-26 10:27:27.762  INFO 5352 --- [main] d.s.w.p.DocumentationPluginsBootstrapper : Context refreshed
2019-12-26 10:27:27.903  INFO 5352 --- [main] d.s.w.p.DocumentationPluginsBootstrapper : Found 1 custom documentation plugin(s)
2019-12-26 10:27:28.029  INFO 5352 --- [main] s.d.s.w.s.ApiListingReferenceScanner     : Scanning for api listing references
2019-12-26 10:27:28.734  INFO 5352 --- [main] o.s.b.w.embedded.tomcat.TomcatWebServer  : Tomcat started on port(s): 8081 (http) with context path ''
2019-12-26 10:27:28.742  INFO 5352 --- [main] br.com.ibm.challenge.Application         : Started Application in 16.386 seconds (JVM running for 18.819)
2019-12-26 10:28:21.749  INFO 5352 --- [Thread-3] o.s.s.c.ThreadPoolTaskScheduler          : Shutting down ExecutorService 'taskScheduler'
2019-12-26 10:28:21.751  INFO 5352 --- [Thread-3] o.s.s.concurrent.ThreadPoolTaskExecutor  : Shutting down ExecutorService 'applicationTaskExecutor'
2019-12-26 10:28:21.757  INFO 5352 --- [Thread-3] org.mongodb.driver.connection            : Closed connection [connectionId{localValue:2, serverValue:35}] to localhost:27017 because the pool has been closed.
2019-12-26 10:28:34.942  INFO 19944 --- [main] br.com.ibm.challenge.Application         : Starting Application on LAPTOP-S7HCMNSM with PID 19944 (C:\1DEV_projects\Treinamento\ATM-CHALLENGE\target\classes started by LeonardoBrumDorneles in C:\1DEV_projects\Treinamento\ATM-CHALLENGE)
2019-12-26 10:28:34.950  INFO 19944 --- [main] br.com.ibm.challenge.Application         : No active profile set, falling back to default profiles: default
2019-12-26 10:28:37.464  INFO 19944 --- [main] .s.d.r.c.RepositoryConfigurationDelegate : Bootstrapping Spring Data repositories in DEFAULT mode.
2019-12-26 10:28:37.728  INFO 19944 --- [main] .s.d.r.c.RepositoryConfigurationDelegate : Finished Spring Data repository scanning in 248ms. Found 5 repository interfaces.
2019-12-26 10:28:40.104  INFO 19944 --- [main] o.s.b.w.embedded.tomcat.TomcatWebServer  : Tomcat initialized with port(s): 8081 (http)
2019-12-26 10:28:40.168  INFO 19944 --- [main] o.apache.catalina.core.StandardService   : Starting service [Tomcat]
2019-12-26 10:28:40.169  INFO 19944 --- [main] org.apache.catalina.core.StandardEngine  : Starting Servlet engine: [Apache Tomcat/9.0.21]
2019-12-26 10:28:41.085  INFO 19944 --- [main] o.a.c.c.C.[Tomcat].[localhost].[/]       : Initializing Spring embedded WebApplicationContext
2019-12-26 10:28:41.086  INFO 19944 --- [main] o.s.web.context.ContextLoader            : Root WebApplicationContext: initialization completed in 6009 ms
2019-12-26 10:28:43.671  INFO 19944 --- [main] org.mongodb.driver.cluster               : Cluster created with settings {hosts=[localhost:27017], mode=SINGLE, requiredClusterType=UNKNOWN, serverSelectionTimeout='30000 ms', maxWaitQueueSize=500}
2019-12-26 10:28:43.818  INFO 19944 --- [cluster-ClusterId{value='5e04b58bf77c224de8b5e4ec', description='null'}-localhost:27017] org.mongodb.driver.connection            : Opened connection [connectionId{localValue:1, serverValue:36}] to localhost:27017
2019-12-26 10:28:43.828  INFO 19944 --- [cluster-ClusterId{value='5e04b58bf77c224de8b5e4ec', description='null'}-localhost:27017] org.mongodb.driver.cluster               : Monitor thread successfully connected to server with description ServerDescription{address=localhost:27017, type=STANDALONE, state=CONNECTED, ok=true, version=ServerVersion{versionList=[4, 2, 2]}, minWireVersion=0, maxWireVersion=8, maxDocumentSize=16777216, logicalSessionTimeoutMinutes=30, roundTripTimeNanos=6451900}
2019-12-26 10:28:44.782  INFO 19944 --- [main] org.mongodb.driver.connection            : Opened connection [connectionId{localValue:2, serverValue:37}] to localhost:27017
2019-12-26 10:28:46.229  INFO 19944 --- [main] pertySourcedRequestMappingHandlerMapping : Mapped URL path [/v2/api-docs] onto method [public org.springframework.http.ResponseEntity<springfox.documentation.spring.web.json.Json> springfox.documentation.swagger2.web.Swagger2Controller.getDocumentation(java.lang.String,javax.servlet.http.HttpServletRequest)]
2019-12-26 10:28:46.951  INFO 19944 --- [main] o.s.s.concurrent.ThreadPoolTaskExecutor  : Initializing ExecutorService 'applicationTaskExecutor'
2019-12-26 10:28:47.453  INFO 19944 --- [main] o.s.s.c.ThreadPoolTaskScheduler          : Initializing ExecutorService 'taskScheduler'
2019-12-26 10:28:47.614  INFO 19944 --- [main] d.s.w.p.DocumentationPluginsBootstrapper : Context refreshed
2019-12-26 10:28:47.714  INFO 19944 --- [main] d.s.w.p.DocumentationPluginsBootstrapper : Found 1 custom documentation plugin(s)
2019-12-26 10:28:47.852  INFO 19944 --- [main] s.d.s.w.s.ApiListingReferenceScanner     : Scanning for api listing references
2019-12-26 10:28:48.629  INFO 19944 --- [main] o.s.b.w.embedded.tomcat.TomcatWebServer  : Tomcat started on port(s): 8081 (http) with context path ''
2019-12-26 10:28:48.635  INFO 19944 --- [main] br.com.ibm.challenge.Application         : Started Application in 15.042 seconds (JVM running for 21.314)
2019-12-26 10:30:39.191  INFO 19944 --- [Thread-3] o.s.s.c.ThreadPoolTaskScheduler          : Shutting down ExecutorService 'taskScheduler'
2019-12-26 10:30:39.193  INFO 19944 --- [Thread-3] o.s.s.concurrent.ThreadPoolTaskExecutor  : Shutting down ExecutorService 'applicationTaskExecutor'
2019-12-26 10:30:39.199  INFO 19944 --- [Thread-3] org.mongodb.driver.connection            : Closed connection [connectionId{localValue:2, serverValue:37}] to localhost:27017 because the pool has been closed.
2019-12-26 10:36:28.886  INFO 19976 --- [main] br.com.ibm.challenge.Application         : Starting Application on LAPTOP-S7HCMNSM with PID 19976 (C:\1DEV_projects\Treinamento\ATM-CHALLENGE\target\classes started by LeonardoBrumDorneles in C:\1DEV_projects\Treinamento\ATM-CHALLENGE)
2019-12-26 10:36:28.906  INFO 19976 --- [main] br.com.ibm.challenge.Application         : No active profile set, falling back to default profiles: default
2019-12-26 10:36:33.722  INFO 19976 --- [main] .s.d.r.c.RepositoryConfigurationDelegate : Bootstrapping Spring Data repositories in DEFAULT mode.
2019-12-26 10:36:34.091  INFO 19976 --- [main] .s.d.r.c.RepositoryConfigurationDelegate : Finished Spring Data repository scanning in 342ms. Found 5 repository interfaces.
2019-12-26 10:36:37.491  INFO 19976 --- [main] o.s.b.w.embedded.tomcat.TomcatWebServer  : Tomcat initialized with port(s): 8081 (http)
2019-12-26 10:36:37.594  INFO 19976 --- [main] o.apache.catalina.core.StandardService   : Starting service [Tomcat]
2019-12-26 10:36:37.595  INFO 19976 --- [main] org.apache.catalina.core.StandardEngine  : Starting Servlet engine: [Apache Tomcat/9.0.21]
2019-12-26 10:36:38.000  INFO 19976 --- [main] o.a.c.c.C.[Tomcat].[localhost].[/]       : Initializing Spring embedded WebApplicationContext
2019-12-26 10:36:38.001  INFO 19976 --- [main] o.s.web.context.ContextLoader            : Root WebApplicationContext: initialization completed in 8842 ms
2019-12-26 10:36:41.797  INFO 19976 --- [main] org.mongodb.driver.cluster               : Cluster created with settings {hosts=[localhost:27017], mode=SINGLE, requiredClusterType=UNKNOWN, serverSelectionTimeout='30000 ms', maxWaitQueueSize=500}
2019-12-26 10:36:42.005  INFO 19976 --- [cluster-ClusterId{value='5e04b769f77c224e08331249', description='null'}-localhost:27017] org.mongodb.driver.connection            : Opened connection [connectionId{localValue:1, serverValue:39}] to localhost:27017
2019-12-26 10:36:42.020  INFO 19976 --- [cluster-ClusterId{value='5e04b769f77c224e08331249', description='null'}-localhost:27017] org.mongodb.driver.cluster               : Monitor thread successfully connected to server with description ServerDescription{address=localhost:27017, type=STANDALONE, state=CONNECTED, ok=true, version=ServerVersion{versionList=[4, 2, 2]}, minWireVersion=0, maxWireVersion=8, maxDocumentSize=16777216, logicalSessionTimeoutMinutes=30, roundTripTimeNanos=9904400}
2019-12-26 10:36:43.467  INFO 19976 --- [main] org.mongodb.driver.connection            : Opened connection [connectionId{localValue:2, serverValue:40}] to localhost:27017
2019-12-26 10:36:45.728  INFO 19976 --- [main] pertySourcedRequestMappingHandlerMapping : Mapped URL path [/v2/api-docs] onto method [public org.springframework.http.ResponseEntity<springfox.documentation.spring.web.json.Json> springfox.documentation.swagger2.web.Swagger2Controller.getDocumentation(java.lang.String,javax.servlet.http.HttpServletRequest)]
2019-12-26 10:36:46.966  INFO 19976 --- [main] o.s.s.concurrent.ThreadPoolTaskExecutor  : Initializing ExecutorService 'applicationTaskExecutor'
2019-12-26 10:36:47.600  INFO 19976 --- [main] o.s.s.c.ThreadPoolTaskScheduler          : Initializing ExecutorService 'taskScheduler'
2019-12-26 10:36:47.777  INFO 19976 --- [main] d.s.w.p.DocumentationPluginsBootstrapper : Context refreshed
2019-12-26 10:36:47.906  INFO 19976 --- [main] d.s.w.p.DocumentationPluginsBootstrapper : Found 1 custom documentation plugin(s)
2019-12-26 10:36:48.069  INFO 19976 --- [main] s.d.s.w.s.ApiListingReferenceScanner     : Scanning for api listing references
2019-12-26 10:36:48.936  INFO 19976 --- [main] o.s.b.w.embedded.tomcat.TomcatWebServer  : Tomcat started on port(s): 8081 (http) with context path ''
2019-12-26 10:36:48.945  INFO 19976 --- [main] br.com.ibm.challenge.Application         : Started Application in 22.692 seconds (JVM running for 24.97)
2019-12-26 10:46:42.082  INFO 19976 --- [Thread-3] o.s.s.c.ThreadPoolTaskScheduler          : Shutting down ExecutorService 'taskScheduler'
2019-12-26 10:46:42.084  INFO 19976 --- [Thread-3] o.s.s.concurrent.ThreadPoolTaskExecutor  : Shutting down ExecutorService 'applicationTaskExecutor'
2019-12-26 10:46:42.089  INFO 19976 --- [Thread-3] org.mongodb.driver.connection            : Closed connection [connectionId{localValue:2, serverValue:40}] to localhost:27017 because the pool has been closed.
2019-12-26 10:47:03.391  INFO 17620 --- [main] br.com.ibm.challenge.Application         : Starting Application on LAPTOP-S7HCMNSM with PID 17620 (C:\1DEV_projects\Treinamento\ATM-CHALLENGE\target\classes started by LeonardoBrumDorneles in C:\1DEV_projects\Treinamento\ATM-CHALLENGE)
2019-12-26 10:47:03.405  INFO 17620 --- [main] br.com.ibm.challenge.Application         : No active profile set, falling back to default profiles: default
2019-12-26 10:47:08.074  INFO 17620 --- [main] .s.d.r.c.RepositoryConfigurationDelegate : Bootstrapping Spring Data repositories in DEFAULT mode.
2019-12-26 10:47:08.564  INFO 17620 --- [main] .s.d.r.c.RepositoryConfigurationDelegate : Finished Spring Data repository scanning in 460ms. Found 5 repository interfaces.
2019-12-26 10:47:12.154  INFO 17620 --- [main] o.s.b.w.embedded.tomcat.TomcatWebServer  : Tomcat initialized with port(s): 8081 (http)
2019-12-26 10:47:12.257  INFO 17620 --- [main] o.apache.catalina.core.StandardService   : Starting service [Tomcat]
2019-12-26 10:47:12.259  INFO 17620 --- [main] org.apache.catalina.core.StandardEngine  : Starting Servlet engine: [Apache Tomcat/9.0.21]
2019-12-26 10:47:12.822  INFO 17620 --- [main] o.a.c.c.C.[Tomcat].[localhost].[/]       : Initializing Spring embedded WebApplicationContext
2019-12-26 10:47:12.823  INFO 17620 --- [main] o.s.web.context.ContextLoader            : Root WebApplicationContext: initialization completed in 9180 ms
2019-12-26 10:47:16.275  INFO 17620 --- [main] org.mongodb.driver.cluster               : Cluster created with settings {hosts=[localhost:27017], mode=SINGLE, requiredClusterType=UNKNOWN, serverSelectionTimeout='30000 ms', maxWaitQueueSize=500}
2019-12-26 10:47:16.435  INFO 17620 --- [cluster-ClusterId{value='5e04b9e4f77c2244d4201eb5', description='null'}-localhost:27017] org.mongodb.driver.connection            : Opened connection [connectionId{localValue:1, serverValue:42}] to localhost:27017
2019-12-26 10:47:16.446  INFO 17620 --- [cluster-ClusterId{value='5e04b9e4f77c2244d4201eb5', description='null'}-localhost:27017] org.mongodb.driver.cluster               : Monitor thread successfully connected to server with description ServerDescription{address=localhost:27017, type=STANDALONE, state=CONNECTED, ok=true, version=ServerVersion{versionList=[4, 2, 2]}, minWireVersion=0, maxWireVersion=8, maxDocumentSize=16777216, logicalSessionTimeoutMinutes=30, roundTripTimeNanos=7931400}
2019-12-26 10:47:17.499  INFO 17620 --- [main] org.mongodb.driver.connection            : Opened connection [connectionId{localValue:2, serverValue:43}] to localhost:27017
2019-12-26 10:47:18.861  INFO 17620 --- [main] pertySourcedRequestMappingHandlerMapping : Mapped URL path [/v2/api-docs] onto method [public org.springframework.http.ResponseEntity<springfox.documentation.spring.web.json.Json> springfox.documentation.swagger2.web.Swagger2Controller.getDocumentation(java.lang.String,javax.servlet.http.HttpServletRequest)]
2019-12-26 10:47:19.534  INFO 17620 --- [main] o.s.s.concurrent.ThreadPoolTaskExecutor  : Initializing ExecutorService 'applicationTaskExecutor'
2019-12-26 10:47:19.971  INFO 17620 --- [main] o.s.s.c.ThreadPoolTaskScheduler          : Initializing ExecutorService 'taskScheduler'
2019-12-26 10:47:20.105  INFO 17620 --- [main] d.s.w.p.DocumentationPluginsBootstrapper : Context refreshed
2019-12-26 10:47:20.207  INFO 17620 --- [main] d.s.w.p.DocumentationPluginsBootstrapper : Found 1 custom documentation plugin(s)
2019-12-26 10:47:20.321  INFO 17620 --- [main] s.d.s.w.s.ApiListingReferenceScanner     : Scanning for api listing references
2019-12-26 10:47:20.974  INFO 17620 --- [main] o.s.b.w.embedded.tomcat.TomcatWebServer  : Tomcat started on port(s): 8081 (http) with context path ''
2019-12-26 10:47:20.981  INFO 17620 --- [main] br.com.ibm.challenge.Application         : Started Application in 19.356 seconds (JVM running for 21.196)
2019-12-26 10:49:52.772  INFO 17620 --- [Thread-3] o.s.s.c.ThreadPoolTaskScheduler          : Shutting down ExecutorService 'taskScheduler'
2019-12-26 10:49:52.774  INFO 17620 --- [Thread-3] o.s.s.concurrent.ThreadPoolTaskExecutor  : Shutting down ExecutorService 'applicationTaskExecutor'
2019-12-26 10:49:52.782  INFO 17620 --- [Thread-3] org.mongodb.driver.connection            : Closed connection [connectionId{localValue:2, serverValue:43}] to localhost:27017 because the pool has been closed.
2019-12-26 10:50:07.706  INFO 6832 --- [main] br.com.ibm.challenge.Application         : Starting Application on LAPTOP-S7HCMNSM with PID 6832 (C:\1DEV_projects\Treinamento\ATM-CHALLENGE\target\classes started by LeonardoBrumDorneles in C:\1DEV_projects\Treinamento\ATM-CHALLENGE)
2019-12-26 10:50:07.713  INFO 6832 --- [main] br.com.ibm.challenge.Application         : No active profile set, falling back to default profiles: default
2019-12-26 10:50:10.703  INFO 6832 --- [main] .s.d.r.c.RepositoryConfigurationDelegate : Bootstrapping Spring Data repositories in DEFAULT mode.
2019-12-26 10:50:10.965  INFO 6832 --- [main] .s.d.r.c.RepositoryConfigurationDelegate : Finished Spring Data repository scanning in 243ms. Found 5 repository interfaces.
2019-12-26 10:50:13.115  INFO 6832 --- [main] o.s.b.w.embedded.tomcat.TomcatWebServer  : Tomcat initialized with port(s): 8081 (http)
2019-12-26 10:50:13.168  INFO 6832 --- [main] o.apache.catalina.core.StandardService   : Starting service [Tomcat]
2019-12-26 10:50:13.169  INFO 6832 --- [main] org.apache.catalina.core.StandardEngine  : Starting Servlet engine: [Apache Tomcat/9.0.21]
2019-12-26 10:50:13.455  INFO 6832 --- [main] o.a.c.c.C.[Tomcat].[localhost].[/]       : Initializing Spring embedded WebApplicationContext
2019-12-26 10:50:13.456  INFO 6832 --- [main] o.s.web.context.ContextLoader            : Root WebApplicationContext: initialization completed in 5627 ms
2019-12-26 10:50:15.947  INFO 6832 --- [main] org.mongodb.driver.cluster               : Cluster created with settings {hosts=[localhost:27017], mode=SINGLE, requiredClusterType=UNKNOWN, serverSelectionTimeout='30000 ms', maxWaitQueueSize=500}
2019-12-26 10:50:16.064  INFO 6832 --- [cluster-ClusterId{value='5e04ba97f77c221ab0269bb0', description='null'}-localhost:27017] org.mongodb.driver.connection            : Opened connection [connectionId{localValue:1, serverValue:44}] to localhost:27017
2019-12-26 10:50:16.075  INFO 6832 --- [cluster-ClusterId{value='5e04ba97f77c221ab0269bb0', description='null'}-localhost:27017] org.mongodb.driver.cluster               : Monitor thread successfully connected to server with description ServerDescription{address=localhost:27017, type=STANDALONE, state=CONNECTED, ok=true, version=ServerVersion{versionList=[4, 2, 2]}, minWireVersion=0, maxWireVersion=8, maxDocumentSize=16777216, logicalSessionTimeoutMinutes=30, roundTripTimeNanos=7186300}
2019-12-26 10:50:16.834  INFO 6832 --- [main] org.mongodb.driver.connection            : Opened connection [connectionId{localValue:2, serverValue:45}] to localhost:27017
2019-12-26 10:50:17.915  INFO 6832 --- [main] pertySourcedRequestMappingHandlerMapping : Mapped URL path [/v2/api-docs] onto method [public org.springframework.http.ResponseEntity<springfox.documentation.spring.web.json.Json> springfox.documentation.swagger2.web.Swagger2Controller.getDocumentation(java.lang.String,javax.servlet.http.HttpServletRequest)]
2019-12-26 10:50:18.374  INFO 6832 --- [main] o.s.s.concurrent.ThreadPoolTaskExecutor  : Initializing ExecutorService 'applicationTaskExecutor'
2019-12-26 10:50:18.682  INFO 6832 --- [main] o.s.s.c.ThreadPoolTaskScheduler          : Initializing ExecutorService 'taskScheduler'
2019-12-26 10:50:18.774  INFO 6832 --- [main] d.s.w.p.DocumentationPluginsBootstrapper : Context refreshed
2019-12-26 10:50:18.832  INFO 6832 --- [main] d.s.w.p.DocumentationPluginsBootstrapper : Found 1 custom documentation plugin(s)
2019-12-26 10:50:18.903  INFO 6832 --- [main] s.d.s.w.s.ApiListingReferenceScanner     : Scanning for api listing references
2019-12-26 10:50:19.340  INFO 6832 --- [main] o.s.b.w.embedded.tomcat.TomcatWebServer  : Tomcat started on port(s): 8081 (http) with context path ''
2019-12-26 10:50:19.344  INFO 6832 --- [main] br.com.ibm.challenge.Application         : Started Application in 12.931 seconds (JVM running for 14.17)
2019-12-26 10:51:10.431  INFO 12536 --- [main] br.com.ibm.challenge.Application         : Starting Application on LAPTOP-S7HCMNSM with PID 12536 (C:\1DEV_projects\Treinamento\ATM-CHALLENGE\target\classes started by LeonardoBrumDorneles in C:\1DEV_projects\Treinamento\ATM-CHALLENGE)
2019-12-26 10:51:10.441  INFO 12536 --- [main] br.com.ibm.challenge.Application         : No active profile set, falling back to default profiles: default
2019-12-26 10:51:13.800  INFO 12536 --- [main] .s.d.r.c.RepositoryConfigurationDelegate : Bootstrapping Spring Data repositories in DEFAULT mode.
2019-12-26 10:51:14.089  INFO 12536 --- [main] .s.d.r.c.RepositoryConfigurationDelegate : Finished Spring Data repository scanning in 270ms. Found 5 repository interfaces.
2019-12-26 10:51:16.575  INFO 12536 --- [main] o.s.b.w.embedded.tomcat.TomcatWebServer  : Tomcat initialized with port(s): 8081 (http)
2019-12-26 10:51:16.641  INFO 12536 --- [main] o.apache.catalina.core.StandardService   : Starting service [Tomcat]
2019-12-26 10:51:16.642  INFO 12536 --- [main] org.apache.catalina.core.StandardEngine  : Starting Servlet engine: [Apache Tomcat/9.0.21]
2019-12-26 10:51:17.045  INFO 12536 --- [main] o.a.c.c.C.[Tomcat].[localhost].[/]       : Initializing Spring embedded WebApplicationContext
2019-12-26 10:51:17.049  INFO 12536 --- [main] o.s.web.context.ContextLoader            : Root WebApplicationContext: initialization completed in 6426 ms
2019-12-26 10:51:19.621  INFO 12536 --- [main] org.mongodb.driver.cluster               : Cluster created with settings {hosts=[localhost:27017], mode=SINGLE, requiredClusterType=UNKNOWN, serverSelectionTimeout='30000 ms', maxWaitQueueSize=500}
2019-12-26 10:51:19.761  INFO 12536 --- [cluster-ClusterId{value='5e04bad7f77c2230f8183ebe', description='null'}-localhost:27017] org.mongodb.driver.connection            : Opened connection [connectionId{localValue:1, serverValue:46}] to localhost:27017
2019-12-26 10:51:19.770  INFO 12536 --- [cluster-ClusterId{value='5e04bad7f77c2230f8183ebe', description='null'}-localhost:27017] org.mongodb.driver.cluster               : Monitor thread successfully connected to server with description ServerDescription{address=localhost:27017, type=STANDALONE, state=CONNECTED, ok=true, version=ServerVersion{versionList=[4, 2, 2]}, minWireVersion=0, maxWireVersion=8, maxDocumentSize=16777216, logicalSessionTimeoutMinutes=30, roundTripTimeNanos=6669400}
2019-12-26 10:51:20.707  INFO 12536 --- [main] org.mongodb.driver.connection            : Opened connection [connectionId{localValue:2, serverValue:47}] to localhost:27017
2019-12-26 10:51:21.870  INFO 12536 --- [main] pertySourcedRequestMappingHandlerMapping : Mapped URL path [/v2/api-docs] onto method [public org.springframework.http.ResponseEntity<springfox.documentation.spring.web.json.Json> springfox.documentation.swagger2.web.Swagger2Controller.getDocumentation(java.lang.String,javax.servlet.http.HttpServletRequest)]
2019-12-26 10:51:22.487  INFO 12536 --- [main] o.s.s.concurrent.ThreadPoolTaskExecutor  : Initializing ExecutorService 'applicationTaskExecutor'
2019-12-26 10:51:22.831  INFO 12536 --- [main] o.s.s.c.ThreadPoolTaskScheduler          : Initializing ExecutorService 'taskScheduler'
2019-12-26 10:51:22.933  INFO 12536 --- [main] d.s.w.p.DocumentationPluginsBootstrapper : Context refreshed
2019-12-26 10:51:23.017  INFO 12536 --- [main] d.s.w.p.DocumentationPluginsBootstrapper : Found 1 custom documentation plugin(s)
2019-12-26 10:51:23.127  INFO 12536 --- [main] s.d.s.w.s.ApiListingReferenceScanner     : Scanning for api listing references
2019-12-26 10:51:23.696  INFO 12536 --- [main] o.s.b.w.embedded.tomcat.TomcatWebServer  : Tomcat started on port(s): 8081 (http) with context path ''
2019-12-26 10:51:23.701  INFO 12536 --- [main] br.com.ibm.challenge.Application         : Started Application in 14.961 seconds (JVM running for 16.606)
2019-12-26 10:51:55.571  INFO 12536 --- [Thread-3] o.s.s.c.ThreadPoolTaskScheduler          : Shutting down ExecutorService 'taskScheduler'
2019-12-26 10:51:55.573  INFO 12536 --- [Thread-3] o.s.s.concurrent.ThreadPoolTaskExecutor  : Shutting down ExecutorService 'applicationTaskExecutor'
2019-12-26 10:51:55.579  INFO 12536 --- [Thread-3] org.mongodb.driver.connection            : Closed connection [connectionId{localValue:2, serverValue:47}] to localhost:27017 because the pool has been closed.
2019-12-26 10:54:47.701  INFO 11384 --- [main] br.com.ibm.challenge.Application         : Starting Application on LAPTOP-S7HCMNSM with PID 11384 (C:\1DEV_projects\Treinamento\ATM-CHALLENGE\target\classes started by LeonardoBrumDorneles in C:\1DEV_projects\Treinamento\ATM-CHALLENGE)
2019-12-26 10:54:47.710  INFO 11384 --- [main] br.com.ibm.challenge.Application         : No active profile set, falling back to default profiles: default
2019-12-26 10:54:51.008  INFO 11384 --- [main] .s.d.r.c.RepositoryConfigurationDelegate : Bootstrapping Spring Data repositories in DEFAULT mode.
2019-12-26 10:54:51.280  INFO 11384 --- [main] .s.d.r.c.RepositoryConfigurationDelegate : Finished Spring Data repository scanning in 255ms. Found 5 repository interfaces.
2019-12-26 10:54:53.588  INFO 11384 --- [main] o.s.b.w.embedded.tomcat.TomcatWebServer  : Tomcat initialized with port(s): 8081 (http)
2019-12-26 10:54:53.642  INFO 11384 --- [main] o.apache.catalina.core.StandardService   : Starting service [Tomcat]
2019-12-26 10:54:53.643  INFO 11384 --- [main] org.apache.catalina.core.StandardEngine  : Starting Servlet engine: [Apache Tomcat/9.0.21]
2019-12-26 10:54:53.916  INFO 11384 --- [main] o.a.c.c.C.[Tomcat].[localhost].[/]       : Initializing Spring embedded WebApplicationContext
2019-12-26 10:54:53.917  INFO 11384 --- [main] o.s.web.context.ContextLoader            : Root WebApplicationContext: initialization completed in 6070 ms
2019-12-26 10:54:56.328  INFO 11384 --- [main] org.mongodb.driver.cluster               : Cluster created with settings {hosts=[localhost:27017], mode=SINGLE, requiredClusterType=UNKNOWN, serverSelectionTimeout='30000 ms', maxWaitQueueSize=500}
2019-12-26 10:54:56.439  INFO 11384 --- [cluster-ClusterId{value='5e04bbb0f77c222c78ca603c', description='null'}-localhost:27017] org.mongodb.driver.connection            : Opened connection [connectionId{localValue:1, serverValue:49}] to localhost:27017
2019-12-26 10:54:56.447  INFO 11384 --- [cluster-ClusterId{value='5e04bbb0f77c222c78ca603c', description='null'}-localhost:27017] org.mongodb.driver.cluster               : Monitor thread successfully connected to server with description ServerDescription{address=localhost:27017, type=STANDALONE, state=CONNECTED, ok=true, version=ServerVersion{versionList=[4, 2, 2]}, minWireVersion=0, maxWireVersion=8, maxDocumentSize=16777216, logicalSessionTimeoutMinutes=30, roundTripTimeNanos=5971400}
2019-12-26 10:54:57.295  INFO 11384 --- [main] org.mongodb.driver.connection            : Opened connection [connectionId{localValue:2, serverValue:50}] to localhost:27017
2019-12-26 10:54:58.580  INFO 11384 --- [main] pertySourcedRequestMappingHandlerMapping : Mapped URL path [/v2/api-docs] onto method [public org.springframework.http.ResponseEntity<springfox.documentation.spring.web.json.Json> springfox.documentation.swagger2.web.Swagger2Controller.getDocumentation(java.lang.String,javax.servlet.http.HttpServletRequest)]
2019-12-26 10:54:59.135  INFO 11384 --- [main] o.s.s.concurrent.ThreadPoolTaskExecutor  : Initializing ExecutorService 'applicationTaskExecutor'
2019-12-26 10:54:59.469  INFO 11384 --- [main] o.s.s.c.ThreadPoolTaskScheduler          : Initializing ExecutorService 'taskScheduler'
2019-12-26 10:54:59.570  INFO 11384 --- [main] d.s.w.p.DocumentationPluginsBootstrapper : Context refreshed
2019-12-26 10:54:59.656  INFO 11384 --- [main] d.s.w.p.DocumentationPluginsBootstrapper : Found 1 custom documentation plugin(s)
2019-12-26 10:54:59.733  INFO 11384 --- [main] s.d.s.w.s.ApiListingReferenceScanner     : Scanning for api listing references
2019-12-26 10:55:00.223  INFO 11384 --- [main] o.s.b.w.embedded.tomcat.TomcatWebServer  : Tomcat started on port(s): 8081 (http) with context path ''
2019-12-26 10:55:00.228  INFO 11384 --- [main] br.com.ibm.challenge.Application         : Started Application in 14.076 seconds (JVM running for 15.511)
2019-12-26 10:55:56.142  INFO 11384 --- [http-nio-8081-exec-1] o.a.c.c.C.[Tomcat].[localhost].[/]       : Initializing Spring DispatcherServlet 'dispatcherServlet'
2019-12-26 10:55:56.143  INFO 11384 --- [http-nio-8081-exec-1] o.s.web.servlet.DispatcherServlet        : Initializing Servlet 'dispatcherServlet'
2019-12-26 10:55:56.158  INFO 11384 --- [http-nio-8081-exec-1] o.s.web.servlet.DispatcherServlet        : Completed initialization in 15 ms
2019-12-26 10:56:08.145  INFO 652 --- [main] br.com.ibm.challenge.Application         : Starting Application on LAPTOP-S7HCMNSM with PID 652 (C:\1DEV_projects\Treinamento\ATM-CHALLENGE\target\classes started by LeonardoBrumDorneles in C:\1DEV_projects\Treinamento\ATM-CHALLENGE)
2019-12-26 10:56:08.155  INFO 652 --- [main] br.com.ibm.challenge.Application         : No active profile set, falling back to default profiles: default
2019-12-26 10:56:11.355  INFO 652 --- [main] .s.d.r.c.RepositoryConfigurationDelegate : Bootstrapping Spring Data repositories in DEFAULT mode.
2019-12-26 10:56:11.679  INFO 652 --- [main] .s.d.r.c.RepositoryConfigurationDelegate : Finished Spring Data repository scanning in 304ms. Found 5 repository interfaces.
2019-12-26 10:56:14.524  INFO 652 --- [main] o.s.b.w.embedded.tomcat.TomcatWebServer  : Tomcat initialized with port(s): 8081 (http)
2019-12-26 10:56:14.588  INFO 652 --- [main] o.apache.catalina.core.StandardService   : Starting service [Tomcat]
2019-12-26 10:56:14.589  INFO 652 --- [main] org.apache.catalina.core.StandardEngine  : Starting Servlet engine: [Apache Tomcat/9.0.21]
2019-12-26 10:56:14.912  INFO 652 --- [main] o.a.c.c.C.[Tomcat].[localhost].[/]       : Initializing Spring embedded WebApplicationContext
2019-12-26 10:56:14.913  INFO 652 --- [main] o.s.web.context.ContextLoader            : Root WebApplicationContext: initialization completed in 6568 ms
2019-12-26 10:56:17.493  INFO 652 --- [main] org.mongodb.driver.cluster               : Cluster created with settings {hosts=[localhost:27017], mode=SINGLE, requiredClusterType=UNKNOWN, serverSelectionTimeout='30000 ms', maxWaitQueueSize=500}
2019-12-26 10:56:17.633  INFO 652 --- [cluster-ClusterId{value='5e04bc01f77c22028cd91122', description='null'}-localhost:27017] org.mongodb.driver.connection            : Opened connection [connectionId{localValue:1, serverValue:51}] to localhost:27017
2019-12-26 10:56:17.645  INFO 652 --- [cluster-ClusterId{value='5e04bc01f77c22028cd91122', description='null'}-localhost:27017] org.mongodb.driver.cluster               : Monitor thread successfully connected to server with description ServerDescription{address=localhost:27017, type=STANDALONE, state=CONNECTED, ok=true, version=ServerVersion{versionList=[4, 2, 2]}, minWireVersion=0, maxWireVersion=8, maxDocumentSize=16777216, logicalSessionTimeoutMinutes=30, roundTripTimeNanos=7729400}
2019-12-26 10:56:18.653  INFO 652 --- [main] org.mongodb.driver.connection            : Opened connection [connectionId{localValue:2, serverValue:52}] to localhost:27017
2019-12-26 10:56:20.157  INFO 652 --- [main] pertySourcedRequestMappingHandlerMapping : Mapped URL path [/v2/api-docs] onto method [public org.springframework.http.ResponseEntity<springfox.documentation.spring.web.json.Json> springfox.documentation.swagger2.web.Swagger2Controller.getDocumentation(java.lang.String,javax.servlet.http.HttpServletRequest)]
2019-12-26 10:56:20.900  INFO 652 --- [main] o.s.s.concurrent.ThreadPoolTaskExecutor  : Initializing ExecutorService 'applicationTaskExecutor'
2019-12-26 10:56:21.342  INFO 652 --- [main] o.s.s.c.ThreadPoolTaskScheduler          : Initializing ExecutorService 'taskScheduler'
2019-12-26 10:56:21.483  INFO 652 --- [main] d.s.w.p.DocumentationPluginsBootstrapper : Context refreshed
2019-12-26 10:56:21.600  INFO 652 --- [main] d.s.w.p.DocumentationPluginsBootstrapper : Found 1 custom documentation plugin(s)
2019-12-26 10:56:21.716  INFO 652 --- [main] s.d.s.w.s.ApiListingReferenceScanner     : Scanning for api listing references
2019-12-26 10:56:22.307  INFO 652 --- [main] o.s.b.w.embedded.tomcat.TomcatWebServer  : Tomcat started on port(s): 8081 (http) with context path ''
2019-12-26 10:56:22.314  INFO 652 --- [main] br.com.ibm.challenge.Application         : Started Application in 15.808 seconds (JVM running for 17.476)
2019-12-26 10:56:46.200  INFO 652 --- [http-nio-8081-exec-1] o.a.c.c.C.[Tomcat].[localhost].[/]       : Initializing Spring DispatcherServlet 'dispatcherServlet'
2019-12-26 10:56:46.201  INFO 652 --- [http-nio-8081-exec-1] o.s.web.servlet.DispatcherServlet        : Initializing Servlet 'dispatcherServlet'
2019-12-26 10:56:46.220  INFO 652 --- [http-nio-8081-exec-1] o.s.web.servlet.DispatcherServlet        : Completed initialization in 18 ms
2019-12-26 10:57:49.555  INFO 652 --- [Thread-3] o.s.s.c.ThreadPoolTaskScheduler          : Shutting down ExecutorService 'taskScheduler'
2019-12-26 10:57:49.558  INFO 652 --- [Thread-3] o.s.s.concurrent.ThreadPoolTaskExecutor  : Shutting down ExecutorService 'applicationTaskExecutor'
2019-12-26 10:57:49.565  INFO 652 --- [Thread-3] org.mongodb.driver.connection            : Closed connection [connectionId{localValue:2, serverValue:52}] to localhost:27017 because the pool has been closed.
2019-12-26 10:57:59.935  INFO 4428 --- [main] br.com.ibm.challenge.Application         : Starting Application on LAPTOP-S7HCMNSM with PID 4428 (C:\1DEV_projects\Treinamento\ATM-CHALLENGE\target\classes started by LeonardoBrumDorneles in C:\1DEV_projects\Treinamento\ATM-CHALLENGE)
2019-12-26 10:57:59.946  INFO 4428 --- [main] br.com.ibm.challenge.Application         : No active profile set, falling back to default profiles: default
2019-12-26 10:58:02.803  INFO 4428 --- [main] .s.d.r.c.RepositoryConfigurationDelegate : Bootstrapping Spring Data repositories in DEFAULT mode.
2019-12-26 10:58:03.028  INFO 4428 --- [main] .s.d.r.c.RepositoryConfigurationDelegate : Finished Spring Data repository scanning in 212ms. Found 5 repository interfaces.
2019-12-26 10:58:05.507  INFO 4428 --- [main] o.s.b.w.embedded.tomcat.TomcatWebServer  : Tomcat initialized with port(s): 8081 (http)
2019-12-26 10:58:05.587  INFO 4428 --- [main] o.apache.catalina.core.StandardService   : Starting service [Tomcat]
2019-12-26 10:58:05.589  INFO 4428 --- [main] org.apache.catalina.core.StandardEngine  : Starting Servlet engine: [Apache Tomcat/9.0.21]
2019-12-26 10:58:05.938  INFO 4428 --- [main] o.a.c.c.C.[Tomcat].[localhost].[/]       : Initializing Spring embedded WebApplicationContext
2019-12-26 10:58:05.940  INFO 4428 --- [main] o.s.web.context.ContextLoader            : Root WebApplicationContext: initialization completed in 5848 ms
2019-12-26 10:58:08.871  INFO 4428 --- [main] org.mongodb.driver.cluster               : Cluster created with settings {hosts=[localhost:27017], mode=SINGLE, requiredClusterType=UNKNOWN, serverSelectionTimeout='30000 ms', maxWaitQueueSize=500}
2019-12-26 10:58:09.037  INFO 4428 --- [cluster-ClusterId{value='5e04bc70f77c22114c5bfd56', description='null'}-localhost:27017] org.mongodb.driver.connection            : Opened connection [connectionId{localValue:1, serverValue:53}] to localhost:27017
2019-12-26 10:58:09.048  INFO 4428 --- [cluster-ClusterId{value='5e04bc70f77c22114c5bfd56', description='null'}-localhost:27017] org.mongodb.driver.cluster               : Monitor thread successfully connected to server with description ServerDescription{address=localhost:27017, type=STANDALONE, state=CONNECTED, ok=true, version=ServerVersion{versionList=[4, 2, 2]}, minWireVersion=0, maxWireVersion=8, maxDocumentSize=16777216, logicalSessionTimeoutMinutes=30, roundTripTimeNanos=8141600}
2019-12-26 10:58:10.349  INFO 4428 --- [main] org.mongodb.driver.connection            : Opened connection [connectionId{localValue:2, serverValue:54}] to localhost:27017
2019-12-26 10:58:11.529  INFO 4428 --- [main] pertySourcedRequestMappingHandlerMapping : Mapped URL path [/v2/api-docs] onto method [public org.springframework.http.ResponseEntity<springfox.documentation.spring.web.json.Json> springfox.documentation.swagger2.web.Swagger2Controller.getDocumentation(java.lang.String,javax.servlet.http.HttpServletRequest)]
2019-12-26 10:58:12.001  INFO 4428 --- [main] o.s.s.concurrent.ThreadPoolTaskExecutor  : Initializing ExecutorService 'applicationTaskExecutor'
2019-12-26 10:58:12.330  INFO 4428 --- [main] o.s.s.c.ThreadPoolTaskScheduler          : Initializing ExecutorService 'taskScheduler'
2019-12-26 10:58:12.417  INFO 4428 --- [main] d.s.w.p.DocumentationPluginsBootstrapper : Context refreshed
2019-12-26 10:58:12.476  INFO 4428 --- [main] d.s.w.p.DocumentationPluginsBootstrapper : Found 1 custom documentation plugin(s)
2019-12-26 10:58:12.575  INFO 4428 --- [main] s.d.s.w.s.ApiListingReferenceScanner     : Scanning for api listing references
2019-12-26 10:58:13.054  INFO 4428 --- [main] o.s.b.w.embedded.tomcat.TomcatWebServer  : Tomcat started on port(s): 8081 (http) with context path ''
2019-12-26 10:58:13.065  INFO 4428 --- [main] br.com.ibm.challenge.Application         : Started Application in 14.495 seconds (JVM running for 15.862)
2019-12-26 10:58:17.805  INFO 4428 --- [http-nio-8081-exec-1] o.a.c.c.C.[Tomcat].[localhost].[/]       : Initializing Spring DispatcherServlet 'dispatcherServlet'
2019-12-26 10:58:17.805  INFO 4428 --- [http-nio-8081-exec-1] o.s.web.servlet.DispatcherServlet        : Initializing Servlet 'dispatcherServlet'
2019-12-26 10:58:17.819  INFO 4428 --- [http-nio-8081-exec-1] o.s.web.servlet.DispatcherServlet        : Completed initialization in 13 ms
